<?xml version="1.0" encoding="UTF-8"?>
<!-- Generated by org.testng.reporters.JUnitReportReporter -->
<testsuite hostname="DESKTOP-3PKNHUN" failures="0" tests="1" name="com.Capium365.RunnerFiles.Capium365_InvoiceTab_Customers_Runner" time="40.971" errors="0" timestamp="2025-08-12T15:55:47 IST" skipped="0">
  <testcase classname="com.Capium365.RunnerFiles.Capium365_InvoiceTab_Customers_Runner" name="runScenario" time="40.971"/>
</testsuite> <!-- com.Capium365.RunnerFiles.Capium365_InvoiceTab_Customers_Runner -->
