<?xml version="1.0" encoding="UTF-8"?>
<!-- Generated by org.testng.reporters.JUnitReportReporter -->
<testsuite hostname="vmautoqa-0" failures="0" tests="1" name="com.Capium365.RunnerFiles.Capium365_BankTab_Runner" time="46.094" errors="0" timestamp="2025-08-22T12:35:20 IST" skipped="0">
  <testcase classname="com.Capium365.RunnerFiles.Capium365_BankTab_Runner" name="runScenario" time="46.094"/>
</testsuite> <!-- com.Capium365.RunnerFiles.Capium365_BankTab_Runner -->
