<?xml version="1.0" encoding="UTF-8"?>
<!-- Generated by org.testng.reporters.JUnitReportReporter -->
<testsuite hostname="vmautoqa-0" failures="0" tests="1" name="com.Capium365.RunnerFiles.Capium365_Receipts_PurchaseInvoice_Runner" time="69.705" errors="0" timestamp="2025-08-22T12:26:12 IST" skipped="0">
  <testcase classname="com.Capium365.RunnerFiles.Capium365_Receipts_PurchaseInvoice_Runner" name="runScenario" time="69.705"/>
</testsuite> <!-- com.Capium365.RunnerFiles.Capium365_Receipts_PurchaseInvoice_Runner -->
