<?xml version="1.0" encoding="UTF-8"?>
<!-- Generated by org.testng.reporters.JUnitReportReporter -->
<testsuite hostname="vmautoqa-0" failures="0" tests="1" name="com.Capium365.RunnerFiles.Capium365_Dashboard_Runner" time="70.820" errors="0" timestamp="2025-08-22T12:12:39 IST" skipped="0">
  <testcase classname="com.Capium365.RunnerFiles.Capium365_Dashboard_Runner" name="runScenario" time="70.820"/>
</testsuite> <!-- com.Capium365.RunnerFiles.Capium365_Dashboard_Runner -->
