<?xml version="1.0" encoding="UTF-8"?>
<!-- Generated by org.testng.reporters.JUnitReportReporter -->
<testsuite hostname="DESKTOP-3PKNHUN" failures="0" tests="1" name="com.Capium.RunnerFiles.ReceiptsRunner" time="40.998" errors="0" timestamp="2025-07-03T20:13:00 IST" skipped="0">
  <testcase classname="com.Capium.RunnerFiles.ReceiptsRunner" name="runScenario" time="40.998"/>
</testsuite> <!-- com.Capium.RunnerFiles.ReceiptsRunner -->
