<?xml version="1.0" encoding="UTF-8"?>
<!-- Generated by org.testng.reporters.JUnitReportReporter -->
<testsuite hostname="DESKTOP-3PKNHUN" failures="0" tests="1" name="com.Capium.RunnerFiles.LoginRunner" time="39.893" errors="0" timestamp="2025-07-03T12:29:40 IST" skipped="0">
  <testcase classname="com.Capium.RunnerFiles.LoginRunner" name="runScenario" time="39.893"/>
</testsuite> <!-- com.Capium.RunnerFiles.LoginRunner -->
