<?xml version="1.0" encoding="UTF-8"?>
<!-- Generated by org.testng.reporters.JUnitReportReporter -->
<testsuite hostname="DESKTOP-3PKNHUN" failures="0" tests="1" name="com.Capium365.RunnerFiles.Capium365_InvoicesTab_CreditNotes_Runner" time="50.147" errors="0" timestamp="2025-08-18T11:05:08 IST" skipped="0">
  <testcase classname="com.Capium365.RunnerFiles.Capium365_InvoicesTab_CreditNotes_Runner" name="runScenario" time="50.147"/>
</testsuite> <!-- com.Capium365.RunnerFiles.Capium365_InvoicesTab_CreditNotes_Runner -->
