<?xml version="1.0" encoding="UTF-8"?>
<!-- Generated by org.testng.reporters.JUnitReportReporter -->
<testsuite hostname="vmautoqa-0" failures="0" tests="2" name="com.Capium365.RunnerFiles.Capium365_Dashboard_Runner" time="133.058" errors="0" timestamp="2025-08-22T15:08:53 IST" skipped="0">
  <testcase classname="com.Capium365.RunnerFiles.Capium365_Dashboard_Runner" name="runScenario" time="55.360"/>
  <testcase classname="com.Capium365.RunnerFiles.Capium365_Dashboard_Runner" name="runScenario" time="77.698"/>
</testsuite> <!-- com.Capium365.RunnerFiles.Capium365_Dashboard_Runner -->
