<?xml version="1.0" encoding="UTF-8"?>
<!-- Generated by org.testng.reporters.JUnitReportReporter -->
<testsuite hostname="DESKTOP-3PKNHUN" failures="0" tests="3" name="com.Capium365.RunnerFiles.Capium365_InvoiceTab_Under_Customers_Runner" time="125.118" errors="0" timestamp="2025-08-06T19:43:28 IST" skipped="0">
  <testcase classname="com.Capium365.RunnerFiles.Capium365_InvoiceTab_Under_Customers_Runner" name="runScenario" time="43.428"/>
  <testcase classname="com.Capium365.RunnerFiles.Capium365_InvoiceTab_Under_Customers_Runner" name="runScenario" time="41.170"/>
  <testcase classname="com.Capium365.RunnerFiles.Capium365_InvoiceTab_Under_Customers_Runner" name="runScenario" time="40.520"/>
</testsuite> <!-- com.Capium365.RunnerFiles.Capium365_InvoiceTab_Under_Customers_Runner -->
