<?xml version="1.0" encoding="UTF-8"?>
<!-- Generated by org.testng.reporters.JUnitReportReporter -->
<testsuite hostname="vmautoqa-0" failures="0" tests="10" name="com.Capium365.RunnerFiles.Capium365_Users_Runner" time="469.998" errors="0" timestamp="2025-08-21T21:32:32 IST" skipped="0">
  <testcase classname="com.Capium365.RunnerFiles.Capium365_Users_Runner" name="runScenario" time="58.988"/>
  <testcase classname="com.Capium365.RunnerFiles.Capium365_Users_Runner" name="runScenario" time="40.436"/>
  <testcase classname="com.Capium365.RunnerFiles.Capium365_Users_Runner" name="runScenario" time="54.266"/>
  <testcase classname="com.Capium365.RunnerFiles.Capium365_Users_Runner" name="runScenario" time="48.501"/>
  <testcase classname="com.Capium365.RunnerFiles.Capium365_Users_Runner" name="runScenario" time="43.917"/>
  <testcase classname="com.Capium365.RunnerFiles.Capium365_Users_Runner" name="runScenario" time="41.781"/>
  <testcase classname="com.Capium365.RunnerFiles.Capium365_Users_Runner" name="runScenario" time="46.532"/>
  <testcase classname="com.Capium365.RunnerFiles.Capium365_Users_Runner" name="runScenario" time="55.627"/>
  <testcase classname="com.Capium365.RunnerFiles.Capium365_Users_Runner" name="runScenario" time="33.398"/>
  <testcase classname="com.Capium365.RunnerFiles.Capium365_Users_Runner" name="runScenario" time="46.552"/>
</testsuite> <!-- com.Capium365.RunnerFiles.Capium365_Users_Runner -->
