<?xml version="1.0" encoding="UTF-8"?>
<!-- Generated by org.testng.reporters.JUnitReportReporter -->
<testsuite hostname="DESKTOP-3PKNHUN" failures="0" tests="17" name="com.Capium365.RunnerFiles.Capium365_InvoicesTab_Products_Runner" time="1147.503" errors="0" timestamp="2025-08-17T23:52:25 IST" skipped="0">
  <testcase classname="com.Capium365.RunnerFiles.Capium365_InvoicesTab_Products_Runner" name="runScenario" time="50.017"/>
  <testcase classname="com.Capium365.RunnerFiles.Capium365_InvoicesTab_Products_Runner" name="runScenario" time="53.836"/>
  <testcase classname="com.Capium365.RunnerFiles.Capium365_InvoicesTab_Products_Runner" name="runScenario" time="57.630"/>
  <testcase classname="com.Capium365.RunnerFiles.Capium365_InvoicesTab_Products_Runner" name="runScenario" time="40.892"/>
  <testcase classname="com.Capium365.RunnerFiles.Capium365_InvoicesTab_Products_Runner" name="runScenario" time="40.415"/>
  <testcase classname="com.Capium365.RunnerFiles.Capium365_InvoicesTab_Products_Runner" name="runScenario" time="65.597"/>
  <testcase classname="com.Capium365.RunnerFiles.Capium365_InvoicesTab_Products_Runner" name="runScenario" time="47.449"/>
  <testcase classname="com.Capium365.RunnerFiles.Capium365_InvoicesTab_Products_Runner" name="runScenario" time="49.661"/>
  <testcase classname="com.Capium365.RunnerFiles.Capium365_InvoicesTab_Products_Runner" name="runScenario" time="90.571"/>
  <testcase classname="com.Capium365.RunnerFiles.Capium365_InvoicesTab_Products_Runner" name="runScenario" time="46.933"/>
  <testcase classname="com.Capium365.RunnerFiles.Capium365_InvoicesTab_Products_Runner" name="runScenario" time="172.579"/>
  <testcase classname="com.Capium365.RunnerFiles.Capium365_InvoicesTab_Products_Runner" name="runScenario" time="55.444"/>
  <testcase classname="com.Capium365.RunnerFiles.Capium365_InvoicesTab_Products_Runner" name="runScenario" time="194.092"/>
  <testcase classname="com.Capium365.RunnerFiles.Capium365_InvoicesTab_Products_Runner" name="runScenario" time="46.954"/>
  <testcase classname="com.Capium365.RunnerFiles.Capium365_InvoicesTab_Products_Runner" name="runScenario" time="39.451"/>
  <testcase classname="com.Capium365.RunnerFiles.Capium365_InvoicesTab_Products_Runner" name="runScenario" time="49.446"/>
  <testcase classname="com.Capium365.RunnerFiles.Capium365_InvoicesTab_Products_Runner" name="runScenario" time="46.536"/>
</testsuite> <!-- com.Capium365.RunnerFiles.Capium365_InvoicesTab_Products_Runner -->
