<?xml version="1.0" encoding="UTF-8"?>
<!-- Generated by org.testng.reporters.JUnitReportReporter -->
<testsuite hostname="vmautoqa-0" failures="0" tests="1" name="com.Capium365.RunnerFiles.Capium365_Receipts_Suppliers_Runner" time="52.302" errors="0" timestamp="2025-08-21T21:32:32 IST" skipped="0">
  <testcase classname="com.Capium365.RunnerFiles.Capium365_Receipts_Suppliers_Runner" name="runScenario" time="52.302"/>
</testsuite> <!-- com.Capium365.RunnerFiles.Capium365_Receipts_Suppliers_Runner -->
